<?xml version="1.0" encoding="UTF-8"?>
<testsuite xmlns:xsi="http://www.w3.org/2001/XMLSchema-instance" xsi:noNamespaceSchemaLocation="https://maven.apache.org/surefire/maven-surefire-plugin/xsd/surefire-test-report.xsd" version="3.0.2" name="com.fitness.add_meal_service.AddMealServiceApplicationTests" time="8.52" tests="1" errors="0" skipped="0" failures="0">
  <properties>
[...]
</properties>
  <testcase name="contextLoads" classname="com.fitness.add_meal_service.AddMealServiceApplicationTests" time="0.363">
    <system-out><![CDATA[23:46:32.170 [main] INFO org.springframework.test.context.support.AnnotationConfigContextLoaderUtils -- Could not detect default configuration classes for test class [com.fitness.add_meal_service.AddMealServiceApplicationTests]: AddMealServiceApplicationTests does not declare any static, non-private, non-final, nested classes annotated with @Configuration.
23:46:32.290 [main] INFO org.springframework.boot.test.context.SpringBootTestContextBootstrapper -- Found @SpringBootConfiguration com.fitness.add_meal_service.AddMealServiceApplication for test class com.fitness.add_meal_service.AddMealServiceApplicationTests
23:46:32.489 [main] INFO org.springframework.boot.devtools.restart.RestartApplicationListener -- Restart disabled due to context in which it is running

  .   ____          _            __ _ _
 /\\ / ___'_ __ _ _(_)_ __  __ _ \ \ \ \
( ( )\___ | '_ | '_| | '_ \/ _` | \ \ \ \
 \\/  ___)| |_)| | | | | || (_| |  ) ) ) )
  '  |____| .__|_| |_|_| |_\__, | / / / /
 =========|_|==============|___/=/_/_/_/

 :: Spring Boot ::                (v4.0.2)

2026-02-23T23:46:32.819+05:30  INFO 24060 --- [add-meal-service] [           main] c.f.a.AddMealServiceApplicationTests     : Starting AddMealServiceApplicationTests using Java 17.0.12 with PID 24060 (started by sahitya in D:\projects\fitness_tracker\backend\add-meal-service)
2026-02-23T23:46:32.822+05:30  INFO 24060 --- [add-meal-service] [           main] c.f.a.AddMealServiceApplicationTests     : No active profile set, falling back to 1 default profile: "default"
2026-02-23T23:46:33.648+05:30  INFO 24060 --- [add-meal-service] [           main] .s.d.r.c.RepositoryConfigurationDelegate : Bootstrapping Spring Data JPA repositories in DEFAULT mode.
2026-02-23T23:46:33.795+05:30  INFO 24060 --- [add-meal-service] [           main] .s.d.r.c.RepositoryConfigurationDelegate : Finished Spring Data repository scanning in 135 ms. Found 3 JPA repository interfaces.
2026-02-23T23:46:34.360+05:30  INFO 24060 --- [add-meal-service] [           main] com.zaxxer.hikari.HikariDataSource       : HikariPool-1 - Starting...
2026-02-23T23:46:34.849+05:30  INFO 24060 --- [add-meal-service] [           main] com.zaxxer.hikari.pool.HikariPool        : HikariPool-1 - Added connection com.mysql.cj.jdbc.ConnectionImpl@3e39f08c
2026-02-23T23:46:34.851+05:30  INFO 24060 --- [add-meal-service] [           main] com.zaxxer.hikari.HikariDataSource       : HikariPool-1 - Start completed.
2026-02-23T23:46:34.957+05:30  INFO 24060 --- [add-meal-service] [           main] org.hibernate.orm.jpa                    : HHH008540: Processing PersistenceUnitInfo [name: default]
2026-02-23T23:46:35.085+05:30  INFO 24060 --- [add-meal-service] [           main] org.hibernate.orm.core                   : HHH000001: Hibernate ORM core version 7.2.1.Final
2026-02-23T23:46:35.986+05:30  INFO 24060 --- [add-meal-service] [           main] o.s.o.j.p.SpringPersistenceUnitInfo      : No LoadTimeWeaver setup: ignoring JPA class transformer
2026-02-23T23:46:36.094+05:30  WARN 24060 --- [add-meal-service] [           main] org.hibernate.orm.jdbc                   : HHH100045: Could not obtain connection metadata: java.sql.SQLSyntaxErrorException: Unknown column 'RESERVED' in 'WHERE'
2026-02-23T23:46:36.113+05:30  WARN 24060 --- [add-meal-service] [           main] org.hibernate.orm.deprecation            : HHH90000025: MySQLDialect does not need to be specified explicitly using 'hibernate.dialect' (remove the property setting and it will be selected by default)
2026-02-23T23:46:36.130+05:30  INFO 24060 --- [add-meal-service] [           main] org.hibernate.orm.connections.pooling    : HHH10001005: Database info:
	Database JDBC URL [undefined/unknown]
	Database driver: undefined/unknown
	Database dialect: MySQLDialect
	Database version: 8.0
	Default catalog/schema: unknown/unknown
	Autocommit mode: undefined/unknown
	Isolation level: NONE [default NONE]
	JDBC fetch size: undefined/unknown
	Pool: DataSourceConnectionProvider
	Minimum pool size: undefined/unknown
	Maximum pool size: undefined/unknown
2026-02-23T23:46:37.238+05:30  INFO 24060 --- [add-meal-service] [           main] org.hibernate.orm.core                   : HHH000489: No JTA platform available (set 'hibernate.transaction.jta.platform' to enable JTA platform integration)
2026-02-23T23:46:37.641+05:30  INFO 24060 --- [add-meal-service] [           main] j.LocalContainerEntityManagerFactoryBean : Initialized JPA EntityManagerFactory for persistence unit 'default'
2026-02-23T23:46:37.793+05:30  INFO 24060 --- [add-meal-service] [           main] o.s.d.j.r.query.QueryEnhancerFactories   : Hibernate is in classpath; If applicable, HQL parser will be used.
2026-02-23T23:46:38.256+05:30  WARN 24060 --- [add-meal-service] [           main] JpaBaseConfiguration$JpaWebConfiguration : spring.jpa.open-in-view is enabled by default. Therefore, database queries may be performed during view rendering. Explicitly configure spring.jpa.open-in-view to disable this warning
2026-02-23T23:46:38.450+05:30  WARN 24060 --- [add-meal-service] [           main] .s.a.UserDetailsServiceAutoConfiguration : 

Using generated security password: bda4443f-5797-4d72-9415-7c9c61cc55fe

This generated password is for development use only. Your security configuration must be updated before running your application in production.

2026-02-23T23:46:38.467+05:30  INFO 24060 --- [add-meal-service] [           main] r$InitializeUserDetailsManagerConfigurer : Global AuthenticationManager configured with UserDetailsService bean with name inMemoryUserDetailsManager
2026-02-23T23:46:40.035+05:30  INFO 24060 --- [add-meal-service] [           main] c.f.a.AddMealServiceApplicationTests     : Started AddMealServiceApplicationTests in 7.56 seconds (process running for 8.922)
]]></system-out>
  </testcase>
</testsuite>